# JRE version: OpenJDK Runtime Environment Temurin-21.0.9+10 (21.0.9+10) (build 21.0.9+10-LTS)
# Java VM: OpenJDK 64-Bit Server VM Temurin-21.0.9+10 (21.0.9+10-LTS, mixed mode, sharing, tiered, compressed oops, compressed class ptrs, parallel gc, windows-amd64)
GC Precious Log:
 CardTable entry size: 512
 CPUs: 8 total, 8 available
 Memory: 7412M
 Large Page Support: Disabled
 NUMA Support: Disabled
 Compressed Oops: Enabled (32-bit)
 Alignments: Space 512K, Generation 512K, Heap 2M
 Heap Min Capacity: 100M
 Heap Initial Capacity: 100M
 Heap Max Capacity: 2G
 Pre-touch: Disabled
 Parallel Workers: 8
Heap:
 PSYoungGen      total 23040K, used 12844K [0x00000000d5580000, 0x00000000d6f00000, 0x0000000100000000)
  eden space 21504K, 52% used [0x00000000d5580000,0x00000000d609a828,0x00000000d6a80000)
  from space 1536K, 96% used [0x00000000d6d80000,0x00000000d6ef0a98,0x00000000d6f00000)
  to   space 2048K, 0% used [0x00000000d6b00000,0x00000000d6b00000,0x00000000d6d00000)
 ParOldGen       total 68608K, used 60954K [0x0000000080000000, 0x0000000084300000, 0x00000000d5580000)
  object space 68608K, 88% used [0x0000000080000000,0x0000000083b86b70,0x0000000084300000)
 Metaspace       used 74637K, committed 76096K, reserved 1179648K
  class space    used 9257K, committed 9920K, reserved 1048576K
GC Heap History (20 events):
Event: 92.742 GC heap before
{Heap before GC invocations=48 (full 3):
 PSYoungGen      total 22528K, used 22478K [0x00000000d5580000, 0x00000000d7300000, 0x0000000100000000)
  eden space 22016K, 99% used [0x00000000d5580000,0x00000000d6afb600,0x00000000d6b00000)
  from space 512K, 93% used [0x00000000d7280000,0x00000000d72f8358,0x00000000d7300000)
  to   space 1024K, 0% used [0x00000000d7100000,0x00000000d7100000,0x00000000d7200000)
 ParOldGen       total 68608K, used 45746K [0x0000000080000000, 0x0000000084300000, 0x00000000d5580000)
  object space 68608K, 66% used [0x0000000080000000,0x0000000082cac978,0x0000000084300000)
 Metaspace       used 68296K, committed 69568K, reserved 1114112K
  class space    used 8571K, committed 9152K, reserved 1048576K
}
Event: 92.745 GC heap after
{Heap after GC invocations=48 (full 3):
 PSYoungGen      total 23040K, used 704K [0x00000000d5580000, 0x00000000d7300000, 0x0000000100000000)
  eden space 22016K, 0% used [0x00000000d5580000,0x00000000d5580000,0x00000000d6b00000)
  from space 1024K, 68% used [0x00000000d7100000,0x00000000d71b00a0,0x00000000d7200000)
  to   space 1024K, 0% used [0x00000000d7200000,0x00000000d7200000,0x00000000d7300000)
 ParOldGen       total 68608K, used 46177K [0x0000000080000000, 0x0000000084300000, 0x00000000d5580000)
  object space 68608K, 67% used [0x0000000080000000,0x0000000082d18688,0x0000000084300000)
 Metaspace       used 68296K, committed 69568K, reserved 1114112K
  class space    used 8571K, committed 9152K, reserved 1048576K
}
Event: 117.720 GC heap before
{Heap before GC invocations=49 (full 3):
 PSYoungGen      total 23040K, used 22720K [0x00000000d5580000, 0x00000000d7300000, 0x0000000100000000)
  eden space 22016K, 100% used [0x00000000d5580000,0x00000000d6b00000,0x00000000d6b00000)
  from space 1024K, 68% used [0x00000000d7100000,0x00000000d71b00a0,0x00000000d7200000)
  to   space 1024K, 0% used [0x00000000d7200000,0x00000000d7200000,0x00000000d7300000)
 ParOldGen       total 68608K, used 46177K [0x0000000080000000, 0x0000000084300000, 0x00000000d5580000)
  object space 68608K, 67% used [0x0000000080000000,0x0000000082d18688,0x0000000084300000)
 Metaspace       used 69316K, committed 70720K, reserved 1114112K
  class space    used 8698K, committed 9344K, reserved 1048576K
}
Event: 117.741 GC heap after
{Heap after GC invocations=49 (full 3):
 PSYoungGen      total 23040K, used 928K [0x00000000d5580000, 0x00000000d7300000, 0x0000000100000000)
  eden space 22016K, 0% used [0x00000000d5580000,0x00000000d5580000,0x00000000d6b00000)
  from space 1024K, 90% used [0x00000000d7200000,0x00000000d72e8000,0x00000000d7300000)
  to   space 1024K, 0% used [0x00000000d7100000,0x00000000d7100000,0x00000000d7200000)
 ParOldGen       total 68608K, used 46643K [0x0000000080000000, 0x0000000084300000, 0x00000000d5580000)
  object space 68608K, 67% used [0x0000000080000000,0x0000000082d8cee8,0x0000000084300000)
 Metaspace       used 69316K, committed 70720K, reserved 1114112K
  class space    used 8698K, committed 9344K, reserved 1048576K
}
Event: 119.107 GC heap before
{Heap before GC invocations=50 (full 3):
 PSYoungGen      total 23040K, used 22944K [0x00000000d5580000, 0x00000000d7300000, 0x0000000100000000)
  eden space 22016K, 100% used [0x00000000d5580000,0x00000000d6b00000,0x00000000d6b00000)
  from space 1024K, 90% used [0x00000000d7200000,0x00000000d72e8000,0x00000000d7300000)
  to   space 1024K, 0% used [0x00000000d7100000,0x00000000d7100000,0x00000000d7200000)
 ParOldGen       total 68608K, used 46643K [0x0000000080000000, 0x0000000084300000, 0x00000000d5580000)
  object space 68608K, 67% used [0x0000000080000000,0x0000000082d8cee8,0x0000000084300000)
 Metaspace       used 70729K, committed 72192K, reserved 1114112K
  class space    used 8827K, committed 9472K, reserved 1048576K
}
Event: 119.115 GC heap after
{Heap after GC invocations=50 (full 3):
 PSYoungGen      total 23040K, used 1009K [0x00000000d5580000, 0x00000000d7280000, 0x0000000100000000)
  eden space 22016K, 0% used [0x00000000d5580000,0x00000000d5580000,0x00000000d6b00000)
  from space 1024K, 98% used [0x00000000d7100000,0x00000000d71fc648,0x00000000d7200000)
  to   space 512K, 0% used [0x00000000d7200000,0x00000000d7200000,0x00000000d7280000)
 ParOldGen       total 68608K, used 48043K [0x0000000080000000, 0x0000000084300000, 0x00000000d5580000)
  object space 68608K, 70% used [0x0000000080000000,0x0000000082eeaef8,0x0000000084300000)
 Metaspace       used 70729K, committed 72192K, reserved 1114112K
  class space    used 8827K, committed 9472K, reserved 1048576K
}
Event: 119.216 GC heap before
{Heap before GC invocations=51 (full 3):
 PSYoungGen      total 23040K, used 23025K [0x00000000d5580000, 0x00000000d7280000, 0x0000000100000000)
  eden space 22016K, 100% used [0x00000000d5580000,0x00000000d6b00000,0x00000000d6b00000)
  from space 1024K, 98% used [0x00000000d7100000,0x00000000d71fc648,0x00000000d7200000)
  to   space 512K, 0% used [0x00000000d7200000,0x00000000d7200000,0x00000000d7280000)
 ParOldGen       total 68608K, used 48043K [0x0000000080000000, 0x0000000084300000, 0x00000000d5580000)
  object space 68608K, 70% used [0x0000000080000000,0x0000000082eeaef8,0x0000000084300000)
 Metaspace       used 70731K, committed 72192K, reserved 1114112K
  class space    used 8827K, committed 9472K, reserved 1048576K
}
Event: 119.228 GC heap after
{Heap after GC invocations=51 (full 3):
 PSYoungGen      total 22528K, used 512K [0x00000000d5580000, 0x00000000d7280000, 0x0000000100000000)
  eden space 22016K, 0% used [0x00000000d5580000,0x00000000d5580000,0x00000000d6b00000)
  from space 512K, 100% used [0x00000000d7200000,0x00000000d7280000,0x00000000d7280000)
  to   space 3584K, 0% used [0x00000000d6b80000,0x00000000d6b80000,0x00000000d6f00000)
 ParOldGen       total 68608K, used 50491K [0x0000000080000000, 0x0000000084300000, 0x00000000d5580000)
  object space 68608K, 73% used [0x0000000080000000,0x000000008314efb0,0x0000000084300000)
 Metaspace       used 70731K, committed 72192K, reserved 1114112K
  class space    used 8827K, committed 9472K, reserved 1048576K
}
Event: 119.545 GC heap before
{Heap before GC invocations=52 (full 3):
 PSYoungGen      total 22528K, used 22528K [0x00000000d5580000, 0x00000000d7280000, 0x0000000100000000)
  eden space 22016K, 100% used [0x00000000d5580000,0x00000000d6b00000,0x00000000d6b00000)
  from space 512K, 100% used [0x00000000d7200000,0x00000000d7280000,0x00000000d7280000)
  to   space 3584K, 0% used [0x00000000d6b80000,0x00000000d6b80000,0x00000000d6f00000)
 ParOldGen       total 68608K, used 50491K [0x0000000080000000, 0x0000000084300000, 0x00000000d5580000)
  object space 68608K, 73% used [0x0000000080000000,0x000000008314efb0,0x0000000084300000)
 Metaspace       used 71121K, committed 72576K, reserved 1114112K
  class space    used 8887K, committed 9536K, reserved 1048576K
}
Event: 119.551 GC heap after
{Heap after GC invocations=52 (full 3):
 PSYoungGen      total 25600K, used 2434K [0x00000000d5580000, 0x00000000d7280000, 0x0000000100000000)
  eden space 22016K, 0% used [0x00000000d5580000,0x00000000d5580000,0x00000000d6b00000)
  from space 3584K, 67% used [0x00000000d6b80000,0x00000000d6de0820,0x00000000d6f00000)
  to   space 3072K, 0% used [0x00000000d6f80000,0x00000000d6f80000,0x00000000d7280000)
 ParOldGen       total 68608K, used 51035K [0x0000000080000000, 0x0000000084300000, 0x00000000d5580000)
  object space 68608K, 74% used [0x0000000080000000,0x00000000831d6fb0,0x0000000084300000)
 Metaspace       used 71121K, committed 72576K, reserved 1114112K
  class space    used 8887K, committed 9536K, reserved 1048576K
}
Event: 119.735 GC heap before
{Heap before GC invocations=53 (full 3):
 PSYoungGen      total 25600K, used 24450K [0x00000000d5580000, 0x00000000d7280000, 0x0000000100000000)
  eden space 22016K, 100% used [0x00000000d5580000,0x00000000d6b00000,0x00000000d6b00000)
  from space 3584K, 67% used [0x00000000d6b80000,0x00000000d6de0820,0x00000000d6f00000)
  to   space 3072K, 0% used [0x00000000d6f80000,0x00000000d6f80000,0x00000000d7280000)
 ParOldGen       total 68608K, used 51035K [0x0000000080000000, 0x0000000084300000, 0x00000000d5580000)
  object space 68608K, 74% used [0x0000000080000000,0x00000000831d6fb0,0x0000000084300000)
 Metaspace       used 71141K, committed 72576K, reserved 1114112K
  class space    used 8887K, committed 9536K, reserved 1048576K
}
Event: 119.743 GC heap after
{Heap after GC invocations=53 (full 3):
 PSYoungGen      total 24064K, used 2048K [0x00000000d5580000, 0x00000000d7180000, 0x0000000100000000)
  eden space 22016K, 0% used [0x00000000d5580000,0x00000000d5580000,0x00000000d6b00000)
  from space 2048K, 100% used [0x00000000d6f80000,0x00000000d7180000,0x00000000d7180000)
  to   space 2560K, 0% used [0x00000000d6c80000,0x00000000d6c80000,0x00000000d6f00000)
 ParOldGen       total 68608K, used 53282K [0x0000000080000000, 0x0000000084300000, 0x00000000d5580000)
  object space 68608K, 77% used [0x0000000080000000,0x0000000083408950,0x0000000084300000)
 Metaspace       used 71141K, committed 72576K, reserved 1114112K
  class space    used 8887K, committed 9536K, reserved 1048576K
}
Event: 120.178 GC heap before
{Heap before GC invocations=54 (full 3):
 PSYoungGen      total 24064K, used 24064K [0x00000000d5580000, 0x00000000d7180000, 0x0000000100000000)
  eden space 22016K, 100% used [0x00000000d5580000,0x00000000d6b00000,0x00000000d6b00000)
  from space 2048K, 100% used [0x00000000d6f80000,0x00000000d7180000,0x00000000d7180000)
  to   space 2560K, 0% used [0x00000000d6c80000,0x00000000d6c80000,0x00000000d6f00000)
 ParOldGen       total 68608K, used 53282K [0x0000000080000000, 0x0000000084300000, 0x00000000d5580000)
  object space 68608K, 77% used [0x0000000080000000,0x0000000083408950,0x0000000084300000)
 Metaspace       used 71172K, committed 72576K, reserved 1114112K
  class space    used 8894K, committed 9536K, reserved 1048576K
}
Event: 120.185 GC heap after
{Heap after GC invocations=54 (full 3):
 PSYoungGen      total 24576K, used 2148K [0x00000000d5580000, 0x00000000d7000000, 0x0000000100000000)
  eden space 22016K, 0% used [0x00000000d5580000,0x00000000d5580000,0x00000000d6b00000)
  from space 2560K, 83% used [0x00000000d6c80000,0x00000000d6e99000,0x00000000d6f00000)
  to   space 1024K, 0% used [0x00000000d6f00000,0x00000000d6f00000,0x00000000d7000000)
 ParOldGen       total 68608K, used 55200K [0x0000000080000000, 0x0000000084300000, 0x00000000d5580000)
  object space 68608K, 80% used [0x0000000080000000,0x00000000835e8300,0x0000000084300000)
 Metaspace       used 71172K, committed 72576K, reserved 1114112K
  class space    used 8894K, committed 9536K, reserved 1048576K
}
Event: 120.436 GC heap before
{Heap before GC invocations=55 (full 3):
 PSYoungGen      total 24576K, used 24164K [0x00000000d5580000, 0x00000000d7000000, 0x0000000100000000)
  eden space 22016K, 100% used [0x00000000d5580000,0x00000000d6b00000,0x00000000d6b00000)
  from space 2560K, 83% used [0x00000000d6c80000,0x00000000d6e99000,0x00000000d6f00000)
  to   space 1024K, 0% used [0x00000000d6f00000,0x00000000d6f00000,0x00000000d7000000)
 ParOldGen       total 68608K, used 55200K [0x0000000080000000, 0x0000000084300000, 0x00000000d5580000)
  object space 68608K, 80% used [0x0000000080000000,0x00000000835e8300,0x0000000084300000)
 Metaspace       used 71545K, committed 72960K, reserved 1114112K
  class space    used 8930K, committed 9536K, reserved 1048576K
}
Event: 120.442 GC heap after
{Heap after GC invocations=55 (full 3):
 PSYoungGen      total 22528K, used 1024K [0x00000000d5580000, 0x00000000d7400000, 0x0000000100000000)
  eden space 21504K, 0% used [0x00000000d5580000,0x00000000d5580000,0x00000000d6a80000)
  from space 1024K, 100% used [0x00000000d6f00000,0x00000000d7000000,0x00000000d7000000)
  to   space 4608K, 0% used [0x00000000d6a80000,0x00000000d6a80000,0x00000000d6f00000)
 ParOldGen       total 68608K, used 58171K [0x0000000080000000, 0x0000000084300000, 0x00000000d5580000)
  object space 68608K, 84% used [0x0000000080000000,0x00000000838cef98,0x0000000084300000)
 Metaspace       used 71545K, committed 72960K, reserved 1114112K
  class space    used 8930K, committed 9536K, reserved 1048576K
}
Event: 120.576 GC heap before
{Heap before GC invocations=56 (full 3):
 PSYoungGen      total 22528K, used 22528K [0x00000000d5580000, 0x00000000d7400000, 0x0000000100000000)
  eden space 21504K, 100% used [0x00000000d5580000,0x00000000d6a80000,0x00000000d6a80000)
  from space 1024K, 100% used [0x00000000d6f00000,0x00000000d7000000,0x00000000d7000000)
  to   space 4608K, 0% used [0x00000000d6a80000,0x00000000d6a80000,0x00000000d6f00000)
 ParOldGen       total 68608K, used 58171K [0x0000000080000000, 0x0000000084300000, 0x00000000d5580000)
  object space 68608K, 84% used [0x0000000080000000,0x00000000838cef98,0x0000000084300000)
 Metaspace       used 71621K, committed 73024K, reserved 1114112K
  class space    used 8932K, committed 9536K, reserved 1048576K
}
Event: 120.583 GC heap after
{Heap after GC invocations=56 (full 3):
 PSYoungGen      total 23552K, used 1912K [0x00000000d5580000, 0x00000000d7080000, 0x0000000100000000)
  eden space 21504K, 0% used [0x00000000d5580000,0x00000000d5580000,0x00000000d6a80000)
  from space 2048K, 93% used [0x00000000d6a80000,0x00000000d6c5e200,0x00000000d6c80000)
  to   space 3072K, 0% used [0x00000000d6d80000,0x00000000d6d80000,0x00000000d7080000)
 ParOldGen       total 68608K, used 59162K [0x0000000080000000, 0x0000000084300000, 0x00000000d5580000)
  object space 68608K, 86% used [0x0000000080000000,0x00000000839c6970,0x0000000084300000)
 Metaspace       used 71621K, committed 73024K, reserved 1114112K
  class space    used 8932K, committed 9536K, reserved 1048576K
}
Event: 121.789 GC heap before
{Heap before GC invocations=57 (full 3):
 PSYoungGen      total 23552K, used 23326K [0x00000000d5580000, 0x00000000d7080000, 0x0000000100000000)
  eden space 21504K, 99% used [0x00000000d5580000,0x00000000d6a69718,0x00000000d6a80000)
  from space 2048K, 93% used [0x00000000d6a80000,0x00000000d6c5e200,0x00000000d6c80000)
  to   space 3072K, 0% used [0x00000000d6d80000,0x00000000d6d80000,0x00000000d7080000)
 ParOldGen       total 68608K, used 59162K [0x0000000080000000, 0x0000000084300000, 0x00000000d5580000)
  object space 68608K, 86% used [0x0000000080000000,0x00000000839c6970,0x0000000084300000)
 Metaspace       used 73753K, committed 75264K, reserved 1179648K
  class space    used 9143K, committed 9792K, reserved 1048576K
}
Event: 121.794 GC heap after
{Heap after GC invocations=57 (full 3):
 PSYoungGen      total 23040K, used 1474K [0x00000000d5580000, 0x00000000d6f00000, 0x0000000100000000)
  eden space 21504K, 0% used [0x00000000d5580000,0x00000000d5580000,0x00000000d6a80000)
  from space 1536K, 96% used [0x00000000d6d80000,0x00000000d6ef0a98,0x00000000d6f00000)
  to   space 2048K, 0% used [0x00000000d6b00000,0x00000000d6b00000,0x00000000d6d00000)
 ParOldGen       total 68608K, used 60954K [0x0000000080000000, 0x0000000084300000, 0x00000000d5580000)
  object space 68608K, 88% used [0x0000000080000000,0x0000000083b86b70,0x0000000084300000)
 Metaspace       used 73753K, committed 75264K, reserved 1179648K
  class space    used 9143K, committed 9792K, reserved 1048576K
}

