# JRE version: OpenJDK Runtime Environment Temurin-21.0.8+9 (21.0.8+9) (build 21.0.8+9-LTS)
# Java VM: OpenJDK 64-Bit Server VM Temurin-21.0.8+9 (21.0.8+9-LTS, mixed mode, sharing, tiered, compressed oops, compressed class ptrs, parallel gc, windows-amd64)
GC Precious Log:
 CardTable entry size: 512
 CPUs: 8 total, 8 available
 Memory: 7412M
 Large Page Support: Disabled
 NUMA Support: Disabled
 Compressed Oops: Enabled (32-bit)
 Alignments: Space 512K, Generation 512K, Heap 2M
 Heap Min Capacity: 100M
 Heap Initial Capacity: 100M
 Heap Max Capacity: 2G
 Pre-touch: Disabled
 Parallel Workers: 8
Heap:
 PSYoungGen      total 6656K, used 2455K [0x00000000d5580000, 0x00000000d5e80000, 0x0000000100000000)
  eden space 4608K, 53% used [0x00000000d5580000,0x00000000d57e5dd0,0x00000000d5a00000)
  from space 2048K, 0% used [0x00000000d5a00000,0x00000000d5a00000,0x00000000d5c00000)
  to   space 1024K, 0% used [0x00000000d5d80000,0x00000000d5d80000,0x00000000d5e80000)
 ParOldGen       total 120320K, used 120214K [0x0000000080000000, 0x0000000087580000, 0x00000000d5580000)
  object space 120320K, 99% used [0x0000000080000000,0x00000000875658e0,0x0000000087580000)
 Metaspace       used 60909K, committed 62272K, reserved 1114112K
  class space    used 7004K, committed 7552K, reserved 1048576K
GC Heap History (20 events):
Event: 1709.228 GC heap before
{Heap before GC invocations=63 (full 3):
 PSYoungGen      total 8704K, used 8685K [0x00000000d5580000, 0x00000000d6a80000, 0x0000000100000000)
  eden space 7168K, 100% used [0x00000000d5580000,0x00000000d5c80000,0x00000000d5c80000)
  from space 1536K, 98% used [0x00000000d5e80000,0x00000000d5ffb7e0,0x00000000d6000000)
  to   space 7168K, 0% used [0x00000000d6380000,0x00000000d6380000,0x00000000d6a80000)
 ParOldGen       total 100864K, used 100354K [0x0000000080000000, 0x0000000086280000, 0x00000000d5580000)
  object space 100864K, 99% used [0x0000000080000000,0x0000000086200b98,0x0000000086280000)
 Metaspace       used 60771K, committed 62144K, reserved 1114112K
  class space    used 7003K, committed 7552K, reserved 1048576K
}
Event: 1709.231 GC heap after
{Heap after GC invocations=63 (full 3):
 PSYoungGen      total 9728K, used 2303K [0x00000000d5580000, 0x00000000d6600000, 0x0000000100000000)
  eden space 7168K, 0% used [0x00000000d5580000,0x00000000d5580000,0x00000000d5c80000)
  from space 2560K, 89% used [0x00000000d6380000,0x00000000d65bfdb8,0x00000000d6600000)
  to   space 4096K, 0% used [0x00000000d5e00000,0x00000000d5e00000,0x00000000d6200000)
 ParOldGen       total 101888K, used 101562K [0x0000000080000000, 0x0000000086380000, 0x00000000d5580000)
  object space 101888K, 99% used [0x0000000080000000,0x000000008632eb98,0x0000000086380000)
 Metaspace       used 60771K, committed 62144K, reserved 1114112K
  class space    used 7003K, committed 7552K, reserved 1048576K
}
Event: 1709.740 GC heap before
{Heap before GC invocations=64 (full 3):
 PSYoungGen      total 9728K, used 9471K [0x00000000d5580000, 0x00000000d6600000, 0x0000000100000000)
  eden space 7168K, 100% used [0x00000000d5580000,0x00000000d5c80000,0x00000000d5c80000)
  from space 2560K, 89% used [0x00000000d6380000,0x00000000d65bfdb8,0x00000000d6600000)
  to   space 4096K, 0% used [0x00000000d5e00000,0x00000000d5e00000,0x00000000d6200000)
 ParOldGen       total 101888K, used 101562K [0x0000000080000000, 0x0000000086380000, 0x00000000d5580000)
  object space 101888K, 99% used [0x0000000080000000,0x000000008632eb98,0x0000000086380000)
 Metaspace       used 60793K, committed 62144K, reserved 1114112K
  class space    used 7004K, committed 7552K, reserved 1048576K
}
Event: 1709.743 GC heap after
{Heap after GC invocations=64 (full 3):
 PSYoungGen      total 11264K, used 877K [0x00000000d5580000, 0x00000000d6400000, 0x0000000100000000)
  eden space 7168K, 0% used [0x00000000d5580000,0x00000000d5580000,0x00000000d5c80000)
  from space 4096K, 21% used [0x00000000d5e00000,0x00000000d5edb7e0,0x00000000d6200000)
  to   space 2048K, 0% used [0x00000000d6200000,0x00000000d6200000,0x00000000d6400000)
 ParOldGen       total 103936K, used 103682K [0x0000000080000000, 0x0000000086580000, 0x00000000d5580000)
  object space 103936K, 99% used [0x0000000080000000,0x0000000086540b98,0x0000000086580000)
 Metaspace       used 60793K, committed 62144K, reserved 1114112K
  class space    used 7004K, committed 7552K, reserved 1048576K
}
Event: 1709.764 GC heap before
{Heap before GC invocations=65 (full 3):
 PSYoungGen      total 11264K, used 8045K [0x00000000d5580000, 0x00000000d6400000, 0x0000000100000000)
  eden space 7168K, 100% used [0x00000000d5580000,0x00000000d5c80000,0x00000000d5c80000)
  from space 4096K, 21% used [0x00000000d5e00000,0x00000000d5edb7e0,0x00000000d6200000)
  to   space 2048K, 0% used [0x00000000d6200000,0x00000000d6200000,0x00000000d6400000)
 ParOldGen       total 103936K, used 103682K [0x0000000080000000, 0x0000000086580000, 0x00000000d5580000)
  object space 103936K, 99% used [0x0000000080000000,0x0000000086540b98,0x0000000086580000)
 Metaspace       used 60793K, committed 62144K, reserved 1114112K
  class space    used 7004K, committed 7552K, reserved 1048576K
}
Event: 1709.768 GC heap after
{Heap after GC invocations=65 (full 3):
 PSYoungGen      total 9216K, used 2025K [0x00000000d5580000, 0x00000000d6780000, 0x0000000100000000)
  eden space 7168K, 0% used [0x00000000d5580000,0x00000000d5580000,0x00000000d5c80000)
  from space 2048K, 98% used [0x00000000d6200000,0x00000000d63fa7a0,0x00000000d6400000)
  to   space 5632K, 0% used [0x00000000d5c80000,0x00000000d5c80000,0x00000000d6200000)
 ParOldGen       total 106496K, used 106186K [0x0000000080000000, 0x0000000086800000, 0x00000000d5580000)
  object space 106496K, 99% used [0x0000000080000000,0x00000000867b2b98,0x0000000086800000)
 Metaspace       used 60793K, committed 62144K, reserved 1114112K
  class space    used 7004K, committed 7552K, reserved 1048576K
}
Event: 1709.780 GC heap before
{Heap before GC invocations=66 (full 3):
 PSYoungGen      total 9216K, used 9193K [0x00000000d5580000, 0x00000000d6780000, 0x0000000100000000)
  eden space 7168K, 100% used [0x00000000d5580000,0x00000000d5c80000,0x00000000d5c80000)
  from space 2048K, 98% used [0x00000000d6200000,0x00000000d63fa7a0,0x00000000d6400000)
  to   space 5632K, 0% used [0x00000000d5c80000,0x00000000d5c80000,0x00000000d6200000)
 ParOldGen       total 106496K, used 106186K [0x0000000080000000, 0x0000000086800000, 0x00000000d5580000)
  object space 106496K, 99% used [0x0000000080000000,0x00000000867b2b98,0x0000000086800000)
 Metaspace       used 60793K, committed 62144K, reserved 1114112K
  class space    used 7004K, committed 7552K, reserved 1048576K
}
Event: 1709.783 GC heap after
{Heap after GC invocations=66 (full 3):
 PSYoungGen      total 10752K, used 3104K [0x00000000d5580000, 0x00000000d6480000, 0x0000000100000000)
  eden space 7168K, 0% used [0x00000000d5580000,0x00000000d5580000,0x00000000d5c80000)
  from space 3584K, 86% used [0x00000000d5c80000,0x00000000d5f88000,0x00000000d6000000)
  to   space 4096K, 0% used [0x00000000d6080000,0x00000000d6080000,0x00000000d6480000)
 ParOldGen       total 108032K, used 107910K [0x0000000080000000, 0x0000000086980000, 0x00000000d5580000)
  object space 108032K, 99% used [0x0000000080000000,0x0000000086961b58,0x0000000086980000)
 Metaspace       used 60793K, committed 62144K, reserved 1114112K
  class space    used 7004K, committed 7552K, reserved 1048576K
}
Event: 1709.796 GC heap before
{Heap before GC invocations=67 (full 3):
 PSYoungGen      total 10752K, used 10272K [0x00000000d5580000, 0x00000000d6480000, 0x0000000100000000)
  eden space 7168K, 100% used [0x00000000d5580000,0x00000000d5c80000,0x00000000d5c80000)
  from space 3584K, 86% used [0x00000000d5c80000,0x00000000d5f88000,0x00000000d6000000)
  to   space 4096K, 0% used [0x00000000d6080000,0x00000000d6080000,0x00000000d6480000)
 ParOldGen       total 108032K, used 107910K [0x0000000080000000, 0x0000000086980000, 0x00000000d5580000)
  object space 108032K, 99% used [0x0000000080000000,0x0000000086961b58,0x0000000086980000)
 Metaspace       used 60796K, committed 62144K, reserved 1114112K
  class space    used 7004K, committed 7552K, reserved 1048576K
}
Event: 1709.800 GC heap after
{Heap after GC invocations=67 (full 3):
 PSYoungGen      total 8704K, used 1087K [0x00000000d5580000, 0x00000000d6200000, 0x0000000100000000)
  eden space 7168K, 0% used [0x00000000d5580000,0x00000000d5580000,0x00000000d5c80000)
  from space 1536K, 70% used [0x00000000d6080000,0x00000000d618fdb8,0x00000000d6200000)
  to   space 2048K, 0% used [0x00000000d5e00000,0x00000000d5e00000,0x00000000d6000000)
 ParOldGen       total 111104K, used 110942K [0x0000000080000000, 0x0000000086c80000, 0x00000000d5580000)
  object space 111104K, 99% used [0x0000000080000000,0x0000000086c57b58,0x0000000086c80000)
 Metaspace       used 60796K, committed 62144K, reserved 1114112K
  class space    used 7004K, committed 7552K, reserved 1048576K
}
Event: 2956.842 GC heap before
{Heap before GC invocations=68 (full 3):
 PSYoungGen      total 8704K, used 8255K [0x00000000d5580000, 0x00000000d6200000, 0x0000000100000000)
  eden space 7168K, 100% used [0x00000000d5580000,0x00000000d5c80000,0x00000000d5c80000)
  from space 1536K, 70% used [0x00000000d6080000,0x00000000d618fdb8,0x00000000d6200000)
  to   space 2048K, 0% used [0x00000000d5e00000,0x00000000d5e00000,0x00000000d6000000)
 ParOldGen       total 111104K, used 110942K [0x0000000080000000, 0x0000000086c80000, 0x00000000d5580000)
  object space 111104K, 99% used [0x0000000080000000,0x0000000086c57b58,0x0000000086c80000)
 Metaspace       used 60892K, committed 62208K, reserved 1114112K
  class space    used 7004K, committed 7552K, reserved 1048576K
}
Event: 2957.037 GC heap after
{Heap after GC invocations=68 (full 3):
 PSYoungGen      total 9216K, used 2029K [0x00000000d5580000, 0x00000000d6380000, 0x0000000100000000)
  eden space 7168K, 0% used [0x00000000d5580000,0x00000000d5580000,0x00000000d5c80000)
  from space 2048K, 99% used [0x00000000d5e00000,0x00000000d5ffb7e0,0x00000000d6000000)
  to   space 3584K, 0% used [0x00000000d6000000,0x00000000d6000000,0x00000000d6380000)
 ParOldGen       total 112128K, used 111902K [0x0000000080000000, 0x0000000086d80000, 0x00000000d5580000)
  object space 112128K, 99% used [0x0000000080000000,0x0000000086d47b58,0x0000000086d80000)
 Metaspace       used 60892K, committed 62208K, reserved 1114112K
  class space    used 7004K, committed 7552K, reserved 1048576K
}
Event: 2957.199 GC heap before
{Heap before GC invocations=69 (full 3):
 PSYoungGen      total 9216K, used 9197K [0x00000000d5580000, 0x00000000d6380000, 0x0000000100000000)
  eden space 7168K, 100% used [0x00000000d5580000,0x00000000d5c80000,0x00000000d5c80000)
  from space 2048K, 99% used [0x00000000d5e00000,0x00000000d5ffb7e0,0x00000000d6000000)
  to   space 3584K, 0% used [0x00000000d6000000,0x00000000d6000000,0x00000000d6380000)
 ParOldGen       total 112128K, used 111902K [0x0000000080000000, 0x0000000086d80000, 0x00000000d5580000)
  object space 112128K, 99% used [0x0000000080000000,0x0000000086d47b58,0x0000000086d80000)
 Metaspace       used 60893K, committed 62208K, reserved 1114112K
  class space    used 7004K, committed 7552K, reserved 1048576K
}
Event: 2957.212 GC heap after
{Heap after GC invocations=69 (full 3):
 PSYoungGen      total 8192K, used 3579K [0x00000000d5580000, 0x00000000d6880000, 0x0000000100000000)
  eden space 4608K, 0% used [0x00000000d5580000,0x00000000d5580000,0x00000000d5a00000)
  from space 3584K, 99% used [0x00000000d6000000,0x00000000d637efc0,0x00000000d6380000)
  to   space 6144K, 0% used [0x00000000d5a00000,0x00000000d5a00000,0x00000000d6000000)
 ParOldGen       total 113664K, used 113582K [0x0000000080000000, 0x0000000086f00000, 0x00000000d5580000)
  object space 113664K, 99% used [0x0000000080000000,0x0000000086eebb58,0x0000000086f00000)
 Metaspace       used 60893K, committed 62208K, reserved 1114112K
  class space    used 7004K, committed 7552K, reserved 1048576K
}
Event: 2957.217 GC heap before
{Heap before GC invocations=70 (full 3):
 PSYoungGen      total 8192K, used 8187K [0x00000000d5580000, 0x00000000d6880000, 0x0000000100000000)
  eden space 4608K, 100% used [0x00000000d5580000,0x00000000d5a00000,0x00000000d5a00000)
  from space 3584K, 99% used [0x00000000d6000000,0x00000000d637efc0,0x00000000d6380000)
  to   space 6144K, 0% used [0x00000000d5a00000,0x00000000d5a00000,0x00000000d6000000)
 ParOldGen       total 113664K, used 113582K [0x0000000080000000, 0x0000000086f00000, 0x00000000d5580000)
  object space 113664K, 99% used [0x0000000080000000,0x0000000086eebb58,0x0000000086f00000)
 Metaspace       used 60893K, committed 62208K, reserved 1114112K
  class space    used 7004K, committed 7552K, reserved 1048576K
}
Event: 2957.222 GC heap after
{Heap after GC invocations=70 (full 3):
 PSYoungGen      total 6656K, used 1568K [0x00000000d5580000, 0x00000000d6100000, 0x0000000100000000)
  eden space 4608K, 0% used [0x00000000d5580000,0x00000000d5580000,0x00000000d5a00000)
  from space 2048K, 76% used [0x00000000d5a00000,0x00000000d5b88000,0x00000000d5c00000)
  to   space 3072K, 0% used [0x00000000d5e00000,0x00000000d5e00000,0x00000000d6100000)
 ParOldGen       total 117248K, used 117182K [0x0000000080000000, 0x0000000087280000, 0x00000000d5580000)
  object space 117248K, 99% used [0x0000000080000000,0x000000008726fb28,0x0000000087280000)
 Metaspace       used 60893K, committed 62208K, reserved 1114112K
  class space    used 7004K, committed 7552K, reserved 1048576K
}
Event: 2957.282 GC heap before
{Heap before GC invocations=71 (full 3):
 PSYoungGen      total 6656K, used 6176K [0x00000000d5580000, 0x00000000d6100000, 0x0000000100000000)
  eden space 4608K, 100% used [0x00000000d5580000,0x00000000d5a00000,0x00000000d5a00000)
  from space 2048K, 76% used [0x00000000d5a00000,0x00000000d5b88000,0x00000000d5c00000)
  to   space 3072K, 0% used [0x00000000d5e00000,0x00000000d5e00000,0x00000000d6100000)
 ParOldGen       total 117248K, used 117182K [0x0000000080000000, 0x0000000087280000, 0x00000000d5580000)
  object space 117248K, 99% used [0x0000000080000000,0x000000008726fb28,0x0000000087280000)
 Metaspace       used 60893K, committed 62208K, reserved 1114112K
  class space    used 7004K, committed 7552K, reserved 1048576K
}
Event: 2957.285 GC heap after
{Heap after GC invocations=71 (full 3):
 PSYoungGen      total 6656K, used 1567K [0x00000000d5580000, 0x00000000d6000000, 0x0000000100000000)
  eden space 4608K, 0% used [0x00000000d5580000,0x00000000d5580000,0x00000000d5a00000)
  from space 2048K, 76% used [0x00000000d5e00000,0x00000000d5f87db8,0x00000000d6000000)
  to   space 2048K, 0% used [0x00000000d5a00000,0x00000000d5a00000,0x00000000d5c00000)
 ParOldGen       total 118784K, used 118694K [0x0000000080000000, 0x0000000087400000, 0x00000000d5580000)
  object space 118784K, 99% used [0x0000000080000000,0x00000000873e9b28,0x0000000087400000)
 Metaspace       used 60893K, committed 62208K, reserved 1114112K
  class space    used 7004K, committed 7552K, reserved 1048576K
}
Event: 2957.330 GC heap before
{Heap before GC invocations=72 (full 3):
 PSYoungGen      total 6656K, used 6175K [0x00000000d5580000, 0x00000000d6000000, 0x0000000100000000)
  eden space 4608K, 100% used [0x00000000d5580000,0x00000000d5a00000,0x00000000d5a00000)
  from space 2048K, 76% used [0x00000000d5e00000,0x00000000d5f87db8,0x00000000d6000000)
  to   space 2048K, 0% used [0x00000000d5a00000,0x00000000d5a00000,0x00000000d5c00000)
 ParOldGen       total 118784K, used 118694K [0x0000000080000000, 0x0000000087400000, 0x00000000d5580000)
  object space 118784K, 99% used [0x0000000080000000,0x00000000873e9b28,0x0000000087400000)
 Metaspace       used 60893K, committed 62208K, reserved 1114112K
  class space    used 7004K, committed 7552K, reserved 1048576K
}
Event: 2957.332 GC heap after
{Heap after GC invocations=72 (full 3):
 PSYoungGen      total 6656K, used 0K [0x00000000d5580000, 0x00000000d5e80000, 0x0000000100000000)
  eden space 4608K, 0% used [0x00000000d5580000,0x00000000d5580000,0x00000000d5a00000)
  from space 2048K, 0% used [0x00000000d5a00000,0x00000000d5a00000,0x00000000d5c00000)
  to   space 1024K, 0% used [0x00000000d5d80000,0x00000000d5d80000,0x00000000d5e80000)
 ParOldGen       total 120320K, used 120214K [0x0000000080000000, 0x0000000087580000, 0x00000000d5580000)
  object space 120320K, 99% used [0x0000000080000000,0x00000000875658e0,0x0000000087580000)
 Metaspace       used 60893K, committed 62208K, reserved 1114112K
  class space    used 7004K, committed 7552K, reserved 1048576K
}

