# JRE version: OpenJDK Runtime Environment Temurin-21.0.8+9 (21.0.8+9) (build 21.0.8+9-LTS)
# Java VM: OpenJDK 64-Bit Server VM Temurin-21.0.8+9 (21.0.8+9-LTS, mixed mode, sharing, tiered, compressed oops, compressed class ptrs, parallel gc, windows-amd64)
GC Precious Log:
 CardTable entry size: 512
 CPUs: 8 total, 8 available
 Memory: 7412M
 Large Page Support: Disabled
 NUMA Support: Disabled
 Compressed Oops: Enabled (32-bit)
 Alignments: Space 512K, Generation 512K, Heap 2M
 Heap Min Capacity: 100M
 Heap Initial Capacity: 100M
 Heap Max Capacity: 2G
 Pre-touch: Disabled
 Parallel Workers: 8
Heap:
 PSYoungGen      total 2560K, used 1501K [0x00000000d5580000, 0x00000000d5b80000, 0x0000000100000000)
  eden space 2048K, 62% used [0x00000000d5580000,0x00000000d56bf7e8,0x00000000d5780000)
  from space 512K, 43% used [0x00000000d5780000,0x00000000d57b8000,0x00000000d5800000)
  to   space 512K, 0% used [0x00000000d5b00000,0x00000000d5b00000,0x00000000d5b80000)
 ParOldGen       total 423936K, used 200651K [0x0000000080000000, 0x0000000099e00000, 0x00000000d5580000)
  object space 423936K, 47% used [0x0000000080000000,0x000000008c3f2cf8,0x0000000099e00000)
 Metaspace       used 65461K, committed 66880K, reserved 1114112K
  class space    used 7587K, committed 8192K, reserved 1048576K
GC Heap History (20 events):
Event: 1730.271 GC heap before
{Heap before GC invocations=305 (full 3):
 PSYoungGen      total 2560K, used 2303K [0x00000000d5580000, 0x00000000d5b80000, 0x0000000100000000)
  eden space 2048K, 99% used [0x00000000d5580000,0x00000000d577fff8,0x00000000d5780000)
  from space 512K, 50% used [0x00000000d5780000,0x00000000d57c0000,0x00000000d5800000)
  to   space 512K, 0% used [0x00000000d5b00000,0x00000000d5b00000,0x00000000d5b80000)
 ParOldGen       total 423936K, used 200379K [0x0000000080000000, 0x0000000099e00000, 0x00000000d5580000)
  object space 423936K, 47% used [0x0000000080000000,0x000000008c3aecf8,0x0000000099e00000)
 Metaspace       used 65270K, committed 66688K, reserved 1114112K
  class space    used 7587K, committed 8192K, reserved 1048576K
}
Event: 1730.272 GC heap after
{Heap after GC invocations=305 (full 3):
 PSYoungGen      total 2560K, used 160K [0x00000000d5580000, 0x00000000d5b80000, 0x0000000100000000)
  eden space 2048K, 0% used [0x00000000d5580000,0x00000000d5580000,0x00000000d5780000)
  from space 512K, 31% used [0x00000000d5b00000,0x00000000d5b28000,0x00000000d5b80000)
  to   space 512K, 0% used [0x00000000d5780000,0x00000000d5780000,0x00000000d5800000)
 ParOldGen       total 423936K, used 200403K [0x0000000080000000, 0x0000000099e00000, 0x00000000d5580000)
  object space 423936K, 47% used [0x0000000080000000,0x000000008c3b4cf8,0x0000000099e00000)
 Metaspace       used 65270K, committed 66688K, reserved 1114112K
  class space    used 7587K, committed 8192K, reserved 1048576K
}
Event: 1730.322 GC heap before
{Heap before GC invocations=306 (full 3):
 PSYoungGen      total 2560K, used 2208K [0x00000000d5580000, 0x00000000d5b80000, 0x0000000100000000)
  eden space 2048K, 100% used [0x00000000d5580000,0x00000000d5780000,0x00000000d5780000)
  from space 512K, 31% used [0x00000000d5b00000,0x00000000d5b28000,0x00000000d5b80000)
  to   space 512K, 0% used [0x00000000d5780000,0x00000000d5780000,0x00000000d5800000)
 ParOldGen       total 423936K, used 200403K [0x0000000080000000, 0x0000000099e00000, 0x00000000d5580000)
  object space 423936K, 47% used [0x0000000080000000,0x000000008c3b4cf8,0x0000000099e00000)
 Metaspace       used 65275K, committed 66688K, reserved 1114112K
  class space    used 7587K, committed 8192K, reserved 1048576K
}
Event: 1730.323 GC heap after
{Heap after GC invocations=306 (full 3):
 PSYoungGen      total 2560K, used 192K [0x00000000d5580000, 0x00000000d5b80000, 0x0000000100000000)
  eden space 2048K, 0% used [0x00000000d5580000,0x00000000d5580000,0x00000000d5780000)
  from space 512K, 37% used [0x00000000d5780000,0x00000000d57b0000,0x00000000d5800000)
  to   space 512K, 0% used [0x00000000d5b00000,0x00000000d5b00000,0x00000000d5b80000)
 ParOldGen       total 423936K, used 200435K [0x0000000080000000, 0x0000000099e00000, 0x00000000d5580000)
  object space 423936K, 47% used [0x0000000080000000,0x000000008c3bccf8,0x0000000099e00000)
 Metaspace       used 65275K, committed 66688K, reserved 1114112K
  class space    used 7587K, committed 8192K, reserved 1048576K
}
Event: 1730.391 GC heap before
{Heap before GC invocations=307 (full 3):
 PSYoungGen      total 2560K, used 2240K [0x00000000d5580000, 0x00000000d5b80000, 0x0000000100000000)
  eden space 2048K, 100% used [0x00000000d5580000,0x00000000d5780000,0x00000000d5780000)
  from space 512K, 37% used [0x00000000d5780000,0x00000000d57b0000,0x00000000d5800000)
  to   space 512K, 0% used [0x00000000d5b00000,0x00000000d5b00000,0x00000000d5b80000)
 ParOldGen       total 423936K, used 200435K [0x0000000080000000, 0x0000000099e00000, 0x00000000d5580000)
  object space 423936K, 47% used [0x0000000080000000,0x000000008c3bccf8,0x0000000099e00000)
 Metaspace       used 65276K, committed 66688K, reserved 1114112K
  class space    used 7587K, committed 8192K, reserved 1048576K
}
Event: 1730.392 GC heap after
{Heap after GC invocations=307 (full 3):
 PSYoungGen      total 2560K, used 256K [0x00000000d5580000, 0x00000000d5b80000, 0x0000000100000000)
  eden space 2048K, 0% used [0x00000000d5580000,0x00000000d5580000,0x00000000d5780000)
  from space 512K, 50% used [0x00000000d5b00000,0x00000000d5b40000,0x00000000d5b80000)
  to   space 512K, 0% used [0x00000000d5780000,0x00000000d5780000,0x00000000d5800000)
 ParOldGen       total 423936K, used 200467K [0x0000000080000000, 0x0000000099e00000, 0x00000000d5580000)
  object space 423936K, 47% used [0x0000000080000000,0x000000008c3c4cf8,0x0000000099e00000)
 Metaspace       used 65276K, committed 66688K, reserved 1114112K
  class space    used 7587K, committed 8192K, reserved 1048576K
}
Event: 1730.448 GC heap before
{Heap before GC invocations=308 (full 3):
 PSYoungGen      total 2560K, used 2304K [0x00000000d5580000, 0x00000000d5b80000, 0x0000000100000000)
  eden space 2048K, 100% used [0x00000000d5580000,0x00000000d5780000,0x00000000d5780000)
  from space 512K, 50% used [0x00000000d5b00000,0x00000000d5b40000,0x00000000d5b80000)
  to   space 512K, 0% used [0x00000000d5780000,0x00000000d5780000,0x00000000d5800000)
 ParOldGen       total 423936K, used 200467K [0x0000000080000000, 0x0000000099e00000, 0x00000000d5580000)
  object space 423936K, 47% used [0x0000000080000000,0x000000008c3c4cf8,0x0000000099e00000)
 Metaspace       used 65292K, committed 66688K, reserved 1114112K
  class space    used 7587K, committed 8192K, reserved 1048576K
}
Event: 1730.449 GC heap after
{Heap after GC invocations=308 (full 3):
 PSYoungGen      total 2560K, used 224K [0x00000000d5580000, 0x00000000d5b80000, 0x0000000100000000)
  eden space 2048K, 0% used [0x00000000d5580000,0x00000000d5580000,0x00000000d5780000)
  from space 512K, 43% used [0x00000000d5780000,0x00000000d57b8000,0x00000000d5800000)
  to   space 512K, 0% used [0x00000000d5b00000,0x00000000d5b00000,0x00000000d5b80000)
 ParOldGen       total 423936K, used 200507K [0x0000000080000000, 0x0000000099e00000, 0x00000000d5580000)
  object space 423936K, 47% used [0x0000000080000000,0x000000008c3cecf8,0x0000000099e00000)
 Metaspace       used 65292K, committed 66688K, reserved 1114112K
  class space    used 7587K, committed 8192K, reserved 1048576K
}
Event: 1730.503 GC heap before
{Heap before GC invocations=309 (full 3):
 PSYoungGen      total 2560K, used 2272K [0x00000000d5580000, 0x00000000d5b80000, 0x0000000100000000)
  eden space 2048K, 100% used [0x00000000d5580000,0x00000000d5780000,0x00000000d5780000)
  from space 512K, 43% used [0x00000000d5780000,0x00000000d57b8000,0x00000000d5800000)
  to   space 512K, 0% used [0x00000000d5b00000,0x00000000d5b00000,0x00000000d5b80000)
 ParOldGen       total 423936K, used 200507K [0x0000000080000000, 0x0000000099e00000, 0x00000000d5580000)
  object space 423936K, 47% used [0x0000000080000000,0x000000008c3cecf8,0x0000000099e00000)
 Metaspace       used 65303K, committed 66688K, reserved 1114112K
  class space    used 7587K, committed 8192K, reserved 1048576K
}
Event: 1730.505 GC heap after
{Heap after GC invocations=309 (full 3):
 PSYoungGen      total 2560K, used 192K [0x00000000d5580000, 0x00000000d5b80000, 0x0000000100000000)
  eden space 2048K, 0% used [0x00000000d5580000,0x00000000d5580000,0x00000000d5780000)
  from space 512K, 37% used [0x00000000d5b00000,0x00000000d5b30000,0x00000000d5b80000)
  to   space 512K, 0% used [0x00000000d5780000,0x00000000d5780000,0x00000000d5800000)
 ParOldGen       total 423936K, used 200531K [0x0000000080000000, 0x0000000099e00000, 0x00000000d5580000)
  object space 423936K, 47% used [0x0000000080000000,0x000000008c3d4cf8,0x0000000099e00000)
 Metaspace       used 65303K, committed 66688K, reserved 1114112K
  class space    used 7587K, committed 8192K, reserved 1048576K
}
Event: 1730.559 GC heap before
{Heap before GC invocations=310 (full 3):
 PSYoungGen      total 2560K, used 2240K [0x00000000d5580000, 0x00000000d5b80000, 0x0000000100000000)
  eden space 2048K, 100% used [0x00000000d5580000,0x00000000d5780000,0x00000000d5780000)
  from space 512K, 37% used [0x00000000d5b00000,0x00000000d5b30000,0x00000000d5b80000)
  to   space 512K, 0% used [0x00000000d5780000,0x00000000d5780000,0x00000000d5800000)
 ParOldGen       total 423936K, used 200531K [0x0000000080000000, 0x0000000099e00000, 0x00000000d5580000)
  object space 423936K, 47% used [0x0000000080000000,0x000000008c3d4cf8,0x0000000099e00000)
 Metaspace       used 65314K, committed 66688K, reserved 1114112K
  class space    used 7587K, committed 8192K, reserved 1048576K
}
Event: 1730.561 GC heap after
{Heap after GC invocations=310 (full 3):
 PSYoungGen      total 2560K, used 128K [0x00000000d5580000, 0x00000000d5b80000, 0x0000000100000000)
  eden space 2048K, 0% used [0x00000000d5580000,0x00000000d5580000,0x00000000d5780000)
  from space 512K, 25% used [0x00000000d5780000,0x00000000d57a0000,0x00000000d5800000)
  to   space 512K, 0% used [0x00000000d5b00000,0x00000000d5b00000,0x00000000d5b80000)
 ParOldGen       total 423936K, used 200547K [0x0000000080000000, 0x0000000099e00000, 0x00000000d5580000)
  object space 423936K, 47% used [0x0000000080000000,0x000000008c3d8cf8,0x0000000099e00000)
 Metaspace       used 65314K, committed 66688K, reserved 1114112K
  class space    used 7587K, committed 8192K, reserved 1048576K
}
Event: 1730.613 GC heap before
{Heap before GC invocations=311 (full 3):
 PSYoungGen      total 2560K, used 2175K [0x00000000d5580000, 0x00000000d5b80000, 0x0000000100000000)
  eden space 2048K, 99% used [0x00000000d5580000,0x00000000d577fff0,0x00000000d5780000)
  from space 512K, 25% used [0x00000000d5780000,0x00000000d57a0000,0x00000000d5800000)
  to   space 512K, 0% used [0x00000000d5b00000,0x00000000d5b00000,0x00000000d5b80000)
 ParOldGen       total 423936K, used 200547K [0x0000000080000000, 0x0000000099e00000, 0x00000000d5580000)
  object space 423936K, 47% used [0x0000000080000000,0x000000008c3d8cf8,0x0000000099e00000)
 Metaspace       used 65318K, committed 66688K, reserved 1114112K
  class space    used 7587K, committed 8192K, reserved 1048576K
}
Event: 1730.614 GC heap after
{Heap after GC invocations=311 (full 3):
 PSYoungGen      total 2560K, used 192K [0x00000000d5580000, 0x00000000d5b80000, 0x0000000100000000)
  eden space 2048K, 0% used [0x00000000d5580000,0x00000000d5580000,0x00000000d5780000)
  from space 512K, 37% used [0x00000000d5b00000,0x00000000d5b30000,0x00000000d5b80000)
  to   space 512K, 0% used [0x00000000d5780000,0x00000000d5780000,0x00000000d5800000)
 ParOldGen       total 423936K, used 200563K [0x0000000080000000, 0x0000000099e00000, 0x00000000d5580000)
  object space 423936K, 47% used [0x0000000080000000,0x000000008c3dccf8,0x0000000099e00000)
 Metaspace       used 65318K, committed 66688K, reserved 1114112K
  class space    used 7587K, committed 8192K, reserved 1048576K
}
Event: 1730.667 GC heap before
{Heap before GC invocations=312 (full 3):
 PSYoungGen      total 2560K, used 2240K [0x00000000d5580000, 0x00000000d5b80000, 0x0000000100000000)
  eden space 2048K, 100% used [0x00000000d5580000,0x00000000d5780000,0x00000000d5780000)
  from space 512K, 37% used [0x00000000d5b00000,0x00000000d5b30000,0x00000000d5b80000)
  to   space 512K, 0% used [0x00000000d5780000,0x00000000d5780000,0x00000000d5800000)
 ParOldGen       total 423936K, used 200563K [0x0000000080000000, 0x0000000099e00000, 0x00000000d5580000)
  object space 423936K, 47% used [0x0000000080000000,0x000000008c3dccf8,0x0000000099e00000)
 Metaspace       used 65336K, committed 66752K, reserved 1114112K
  class space    used 7587K, committed 8192K, reserved 1048576K
}
Event: 1730.669 GC heap after
{Heap after GC invocations=312 (full 3):
 PSYoungGen      total 2560K, used 256K [0x00000000d5580000, 0x00000000d5b80000, 0x0000000100000000)
  eden space 2048K, 0% used [0x00000000d5580000,0x00000000d5580000,0x00000000d5780000)
  from space 512K, 50% used [0x00000000d5780000,0x00000000d57c0000,0x00000000d5800000)
  to   space 512K, 0% used [0x00000000d5b00000,0x00000000d5b00000,0x00000000d5b80000)
 ParOldGen       total 423936K, used 200587K [0x0000000080000000, 0x0000000099e00000, 0x00000000d5580000)
  object space 423936K, 47% used [0x0000000080000000,0x000000008c3e2cf8,0x0000000099e00000)
 Metaspace       used 65336K, committed 66752K, reserved 1114112K
  class space    used 7587K, committed 8192K, reserved 1048576K
}
Event: 2171.136 GC heap before
{Heap before GC invocations=313 (full 3):
 PSYoungGen      total 2560K, used 2304K [0x00000000d5580000, 0x00000000d5b80000, 0x0000000100000000)
  eden space 2048K, 100% used [0x00000000d5580000,0x00000000d5780000,0x00000000d5780000)
  from space 512K, 50% used [0x00000000d5780000,0x00000000d57c0000,0x00000000d5800000)
  to   space 512K, 0% used [0x00000000d5b00000,0x00000000d5b00000,0x00000000d5b80000)
 ParOldGen       total 423936K, used 200587K [0x0000000080000000, 0x0000000099e00000, 0x00000000d5580000)
  object space 423936K, 47% used [0x0000000080000000,0x000000008c3e2cf8,0x0000000099e00000)
 Metaspace       used 65368K, committed 66752K, reserved 1114112K
  class space    used 7587K, committed 8192K, reserved 1048576K
}
Event: 2171.363 GC heap after
{Heap after GC invocations=313 (full 3):
 PSYoungGen      total 2560K, used 192K [0x00000000d5580000, 0x00000000d5b80000, 0x0000000100000000)
  eden space 2048K, 0% used [0x00000000d5580000,0x00000000d5580000,0x00000000d5780000)
  from space 512K, 37% used [0x00000000d5b00000,0x00000000d5b30000,0x00000000d5b80000)
  to   space 512K, 0% used [0x00000000d5780000,0x00000000d5780000,0x00000000d5800000)
 ParOldGen       total 423936K, used 200611K [0x0000000080000000, 0x0000000099e00000, 0x00000000d5580000)
  object space 423936K, 47% used [0x0000000080000000,0x000000008c3e8cf8,0x0000000099e00000)
 Metaspace       used 65368K, committed 66752K, reserved 1114112K
  class space    used 7587K, committed 8192K, reserved 1048576K
}
Event: 2475.676 GC heap before
{Heap before GC invocations=314 (full 3):
 PSYoungGen      total 2560K, used 2234K [0x00000000d5580000, 0x00000000d5b80000, 0x0000000100000000)
  eden space 2048K, 99% used [0x00000000d5580000,0x00000000d577eb68,0x00000000d5780000)
  from space 512K, 37% used [0x00000000d5b00000,0x00000000d5b30000,0x00000000d5b80000)
  to   space 512K, 0% used [0x00000000d5780000,0x00000000d5780000,0x00000000d5800000)
 ParOldGen       total 423936K, used 200611K [0x0000000080000000, 0x0000000099e00000, 0x00000000d5580000)
  object space 423936K, 47% used [0x0000000080000000,0x000000008c3e8cf8,0x0000000099e00000)
 Metaspace       used 65394K, committed 66752K, reserved 1114112K
  class space    used 7587K, committed 8192K, reserved 1048576K
}
Event: 2475.778 GC heap after
{Heap after GC invocations=314 (full 3):
 PSYoungGen      total 2560K, used 224K [0x00000000d5580000, 0x00000000d5b80000, 0x0000000100000000)
  eden space 2048K, 0% used [0x00000000d5580000,0x00000000d5580000,0x00000000d5780000)
  from space 512K, 43% used [0x00000000d5780000,0x00000000d57b8000,0x00000000d5800000)
  to   space 512K, 0% used [0x00000000d5b00000,0x00000000d5b00000,0x00000000d5b80000)
 ParOldGen       total 423936K, used 200651K [0x0000000080000000, 0x0000000099e00000, 0x00000000d5580000)
  object space 423936K, 47% used [0x0000000080000000,0x000000008c3f2cf8,0x0000000099e00000)
 Metaspace       used 65394K, committed 66752K, reserved 1114112K
  class space    used 7587K, committed 8192K, reserved 1048576K
}

