# JRE version: OpenJDK Runtime Environment (21.0.6) (build 21.0.6+-13391695-b895.109)
# Java VM: OpenJDK 64-Bit Server VM (21.0.6+-13391695-b895.109, mixed mode, tiered, compressed oops, compressed class ptrs, g1 gc, windows-amd64)
GC Precious Log:
 CardTable entry size: 512
 Card Set container configuration: InlinePtr #cards 5 size 8 Array Of Cards #cards 12 size 40 Howl #buckets 4 coarsen threshold 1843 Howl Bitmap #cards 512 size 80 coarsen threshold 460 Card regions per heap region 1 cards per card region 2048
 CPUs: 8 total, 8 available
 Memory: 7412M
 Large Page Support: Disabled
 NUMA Support: Disabled
 Compressed Oops: Enabled (32-bit)
 Heap Region Size: 1M
 Heap Min Capacity: 8M
 Heap Initial Capacity: 116M
 Heap Max Capacity: 2G
 Pre-touch: Disabled
 Parallel Workers: 8
 Concurrent Workers: 2
 Concurrent Refinement Workers: 8
 Periodic GC: Disabled
Heap:
 garbage-first heap   total 89088K, used 56287K [0x0000000080000000, 0x0000000100000000)
  region size 1024K, 4 young (4096K), 3 survivors (3072K)
 Metaspace       used 72543K, committed 74368K, reserved 1114112K
  class space    used 9791K, committed 10688K, reserved 1048576K
GC Heap History (20 events):
Event: 37.464 GC heap before
{Heap before GC invocations=18 (full 0):
 garbage-first heap   total 86016K, used 75011K [0x0000000080000000, 0x0000000100000000)
  region size 1024K, 36 young (36864K), 2 survivors (2048K)
 Metaspace       used 62955K, committed 64640K, reserved 1114112K
  class space    used 8469K, committed 9280K, reserved 1048576K
}
Event: 37.467 GC heap after
{Heap after GC invocations=19 (full 0):
 garbage-first heap   total 86016K, used 42640K [0x0000000080000000, 0x0000000100000000)
  region size 1024K, 3 young (3072K), 3 survivors (3072K)
 Metaspace       used 62955K, committed 64640K, reserved 1114112K
  class space    used 8469K, committed 9280K, reserved 1048576K
}
Event: 39.145 GC heap before
{Heap before GC invocations=19 (full 0):
 garbage-first heap   total 86016K, used 77456K [0x0000000080000000, 0x0000000100000000)
  region size 1024K, 37 young (37888K), 3 survivors (3072K)
 Metaspace       used 67562K, committed 69312K, reserved 1114112K
  class space    used 9173K, committed 10048K, reserved 1048576K
}
Event: 39.151 GC heap after
{Heap after GC invocations=20 (full 0):
 garbage-first heap   total 86016K, used 44718K [0x0000000080000000, 0x0000000100000000)
  region size 1024K, 4 young (4096K), 4 survivors (4096K)
 Metaspace       used 67562K, committed 69312K, reserved 1114112K
  class space    used 9173K, committed 10048K, reserved 1048576K
}
Event: 42.606 GC heap before
{Heap before GC invocations=21 (full 0):
 garbage-first heap   total 86016K, used 75438K [0x0000000080000000, 0x0000000100000000)
  region size 1024K, 34 young (34816K), 4 survivors (4096K)
 Metaspace       used 71032K, committed 72896K, reserved 1114112K
  class space    used 9700K, committed 10624K, reserved 1048576K
}
Event: 42.613 GC heap after
{Heap after GC invocations=22 (full 0):
 garbage-first heap   total 86016K, used 47351K [0x0000000080000000, 0x0000000100000000)
  region size 1024K, 5 young (5120K), 5 survivors (5120K)
 Metaspace       used 71032K, committed 72896K, reserved 1114112K
  class space    used 9700K, committed 10624K, reserved 1048576K
}
Event: 45.088 GC heap before
{Heap before GC invocations=22 (full 0):
 garbage-first heap   total 86016K, used 73975K [0x0000000080000000, 0x0000000100000000)
  region size 1024K, 32 young (32768K), 5 survivors (5120K)
 Metaspace       used 71678K, committed 73472K, reserved 1114112K
  class space    used 9731K, committed 10624K, reserved 1048576K
}
Event: 45.099 GC heap after
{Heap after GC invocations=23 (full 0):
 garbage-first heap   total 86016K, used 50209K [0x0000000080000000, 0x0000000100000000)
  region size 1024K, 4 young (4096K), 4 survivors (4096K)
 Metaspace       used 71678K, committed 73472K, reserved 1114112K
  class space    used 9731K, committed 10624K, reserved 1048576K
}
Event: 46.832 GC heap before
{Heap before GC invocations=23 (full 0):
 garbage-first heap   total 86016K, used 75809K [0x0000000080000000, 0x0000000100000000)
  region size 1024K, 29 young (29696K), 4 survivors (4096K)
 Metaspace       used 71863K, committed 73664K, reserved 1114112K
  class space    used 9732K, committed 10624K, reserved 1048576K
}
Event: 46.837 GC heap after
{Heap after GC invocations=24 (full 0):
 garbage-first heap   total 86016K, used 51812K [0x0000000080000000, 0x0000000100000000)
  region size 1024K, 3 young (3072K), 3 survivors (3072K)
 Metaspace       used 71863K, committed 73664K, reserved 1114112K
  class space    used 9732K, committed 10624K, reserved 1048576K
}
Event: 47.256 GC heap before
{Heap before GC invocations=25 (full 0):
 garbage-first heap   total 87040K, used 75364K [0x0000000080000000, 0x0000000100000000)
  region size 1024K, 27 young (27648K), 3 survivors (3072K)
 Metaspace       used 72035K, committed 73856K, reserved 1114112K
  class space    used 9732K, committed 10624K, reserved 1048576K
}
Event: 47.262 GC heap after
{Heap after GC invocations=26 (full 0):
 garbage-first heap   total 87040K, used 52443K [0x0000000080000000, 0x0000000100000000)
  region size 1024K, 3 young (3072K), 3 survivors (3072K)
 Metaspace       used 72035K, committed 73856K, reserved 1114112K
  class space    used 9732K, committed 10624K, reserved 1048576K
}
Event: 48.128 GC heap before
{Heap before GC invocations=26 (full 0):
 garbage-first heap   total 87040K, used 77019K [0x0000000080000000, 0x0000000100000000)
  region size 1024K, 28 young (28672K), 3 survivors (3072K)
 Metaspace       used 72098K, committed 73920K, reserved 1114112K
  class space    used 9732K, committed 10624K, reserved 1048576K
}
Event: 48.132 GC heap after
{Heap after GC invocations=27 (full 0):
 garbage-first heap   total 87040K, used 52029K [0x0000000080000000, 0x0000000100000000)
  region size 1024K, 3 young (3072K), 3 survivors (3072K)
 Metaspace       used 72098K, committed 73920K, reserved 1114112K
  class space    used 9732K, committed 10624K, reserved 1048576K
}
Event: 48.367 GC heap before
{Heap before GC invocations=27 (full 0):
 garbage-first heap   total 87040K, used 77629K [0x0000000080000000, 0x0000000100000000)
  region size 1024K, 29 young (29696K), 3 survivors (3072K)
 Metaspace       used 72117K, committed 73920K, reserved 1114112K
  class space    used 9732K, committed 10624K, reserved 1048576K
}
Event: 48.370 GC heap after
{Heap after GC invocations=28 (full 0):
 garbage-first heap   total 87040K, used 52796K [0x0000000080000000, 0x0000000100000000)
  region size 1024K, 3 young (3072K), 3 survivors (3072K)
 Metaspace       used 72117K, committed 73920K, reserved 1114112K
  class space    used 9732K, committed 10624K, reserved 1048576K
}
Event: 49.137 GC heap before
{Heap before GC invocations=29 (full 0):
 garbage-first heap   total 89088K, used 77372K [0x0000000080000000, 0x0000000100000000)
  region size 1024K, 28 young (28672K), 3 survivors (3072K)
 Metaspace       used 72121K, committed 73920K, reserved 1114112K
  class space    used 9733K, committed 10624K, reserved 1048576K
}
Event: 49.140 GC heap after
{Heap after GC invocations=30 (full 0):
 garbage-first heap   total 89088K, used 53101K [0x0000000080000000, 0x0000000100000000)
  region size 1024K, 3 young (3072K), 3 survivors (3072K)
 Metaspace       used 72121K, committed 73920K, reserved 1114112K
  class space    used 9733K, committed 10624K, reserved 1048576K
}
Event: 49.357 GC heap before
{Heap before GC invocations=30 (full 0):
 garbage-first heap   total 89088K, used 79725K [0x0000000080000000, 0x0000000100000000)
  region size 1024K, 29 young (29696K), 3 survivors (3072K)
 Metaspace       used 72126K, committed 73920K, reserved 1114112K
  class space    used 9733K, committed 10624K, reserved 1048576K
}
Event: 49.362 GC heap after
{Heap after GC invocations=31 (full 0):
 garbage-first heap   total 89088K, used 53206K [0x0000000080000000, 0x0000000100000000)
  region size 1024K, 3 young (3072K), 3 survivors (3072K)
 Metaspace       used 72126K, committed 73920K, reserved 1114112K
  class space    used 9733K, committed 10624K, reserved 1048576K
}

