# JRE version: OpenJDK Runtime Environment Temurin-21.0.9+10 (21.0.9+10) (build 21.0.9+10-LTS)
# Java VM: OpenJDK 64-Bit Server VM Temurin-21.0.9+10 (21.0.9+10-LTS, mixed mode, sharing, tiered, compressed oops, compressed class ptrs, parallel gc, windows-amd64)
GC Precious Log:
 CardTable entry size: 512
 CPUs: 8 total, 8 available
 Memory: 7412M
 Large Page Support: Disabled
 NUMA Support: Disabled
 Compressed Oops: Enabled (32-bit)
 Alignments: Space 512K, Generation 512K, Heap 2M
 Heap Min Capacity: 100M
 Heap Initial Capacity: 100M
 Heap Max Capacity: 2G
 Pre-touch: Disabled
 Parallel Workers: 8
Heap:
 PSYoungGen      total 14848K, used 6883K [0x00000000d5580000, 0x00000000d6500000, 0x0000000100000000)
  eden space 13824K, 44% used [0x00000000d5580000,0x00000000d5b78d98,0x00000000d6300000)
  from space 1024K, 75% used [0x00000000d6400000,0x00000000d64c0020,0x00000000d6500000)
  to   space 1024K, 0% used [0x00000000d6300000,0x00000000d6300000,0x00000000d6400000)
 ParOldGen       total 68608K, used 60906K [0x0000000080000000, 0x0000000084300000, 0x00000000d5580000)
  object space 68608K, 88% used [0x0000000080000000,0x0000000083b7aa78,0x0000000084300000)
 Metaspace       used 70247K, committed 71808K, reserved 1114112K
  class space    used 8729K, committed 9472K, reserved 1048576K
GC Heap History (20 events):
Event: 261.488 GC heap before
{Heap before GC invocations=66 (full 3):
 PSYoungGen      total 15872K, used 15680K [0x00000000d5580000, 0x00000000d6700000, 0x0000000100000000)
  eden space 14336K, 100% used [0x00000000d5580000,0x00000000d6380000,0x00000000d6380000)
  from space 1536K, 87% used [0x00000000d6580000,0x00000000d66d0000,0x00000000d6700000)
  to   space 1536K, 0% used [0x00000000d6380000,0x00000000d6380000,0x00000000d6500000)
 ParOldGen       total 68608K, used 49212K [0x0000000080000000, 0x0000000084300000, 0x00000000d5580000)
  object space 68608K, 71% used [0x0000000080000000,0x000000008300f228,0x0000000084300000)
 Metaspace       used 66854K, committed 68352K, reserved 1114112K
  class space    used 8363K, committed 9024K, reserved 1048576K
}
Event: 261.509 GC heap after
{Heap after GC invocations=66 (full 3):
 PSYoungGen      total 15872K, used 1506K [0x00000000d5580000, 0x00000000d6a80000, 0x0000000100000000)
  eden space 14336K, 0% used [0x00000000d5580000,0x00000000d5580000,0x00000000d6380000)
  from space 1536K, 98% used [0x00000000d6380000,0x00000000d64f8820,0x00000000d6500000)
  to   space 3584K, 0% used [0x00000000d6700000,0x00000000d6700000,0x00000000d6a80000)
 ParOldGen       total 68608K, used 50660K [0x0000000080000000, 0x0000000084300000, 0x00000000d5580000)
  object space 68608K, 73% used [0x0000000080000000,0x0000000083179228,0x0000000084300000)
 Metaspace       used 66854K, committed 68352K, reserved 1114112K
  class space    used 8363K, committed 9024K, reserved 1048576K
}
Event: 261.535 GC heap before
{Heap before GC invocations=67 (full 3):
 PSYoungGen      total 15872K, used 15842K [0x00000000d5580000, 0x00000000d6a80000, 0x0000000100000000)
  eden space 14336K, 100% used [0x00000000d5580000,0x00000000d6380000,0x00000000d6380000)
  from space 1536K, 98% used [0x00000000d6380000,0x00000000d64f8820,0x00000000d6500000)
  to   space 3584K, 0% used [0x00000000d6700000,0x00000000d6700000,0x00000000d6a80000)
 ParOldGen       total 68608K, used 50660K [0x0000000080000000, 0x0000000084300000, 0x00000000d5580000)
  object space 68608K, 73% used [0x0000000080000000,0x0000000083179228,0x0000000084300000)
 Metaspace       used 66860K, committed 68352K, reserved 1114112K
  class space    used 8363K, committed 9024K, reserved 1048576K
}
Event: 261.538 GC heap after
{Heap after GC invocations=67 (full 3):
 PSYoungGen      total 15872K, used 1536K [0x00000000d5580000, 0x00000000d6880000, 0x0000000100000000)
  eden space 14336K, 0% used [0x00000000d5580000,0x00000000d5580000,0x00000000d6380000)
  from space 1536K, 100% used [0x00000000d6700000,0x00000000d6880000,0x00000000d6880000)
  to   space 2048K, 0% used [0x00000000d6480000,0x00000000d6480000,0x00000000d6680000)
 ParOldGen       total 68608K, used 52074K [0x0000000080000000, 0x0000000084300000, 0x00000000d5580000)
  object space 68608K, 75% used [0x0000000080000000,0x00000000832dabc8,0x0000000084300000)
 Metaspace       used 66860K, committed 68352K, reserved 1114112K
  class space    used 8363K, committed 9024K, reserved 1048576K
}
Event: 261.596 GC heap before
{Heap before GC invocations=68 (full 3):
 PSYoungGen      total 15872K, used 15872K [0x00000000d5580000, 0x00000000d6880000, 0x0000000100000000)
  eden space 14336K, 100% used [0x00000000d5580000,0x00000000d6380000,0x00000000d6380000)
  from space 1536K, 100% used [0x00000000d6700000,0x00000000d6880000,0x00000000d6880000)
  to   space 2048K, 0% used [0x00000000d6480000,0x00000000d6480000,0x00000000d6680000)
 ParOldGen       total 68608K, used 52074K [0x0000000080000000, 0x0000000084300000, 0x00000000d5580000)
  object space 68608K, 75% used [0x0000000080000000,0x00000000832dabc8,0x0000000084300000)
 Metaspace       used 66874K, committed 68352K, reserved 1114112K
  class space    used 8363K, committed 9024K, reserved 1048576K
}
Event: 261.628 GC heap after
{Heap after GC invocations=68 (full 3):
 PSYoungGen      total 15872K, used 1184K [0x00000000d5580000, 0x00000000d6780000, 0x0000000100000000)
  eden space 14336K, 0% used [0x00000000d5580000,0x00000000d5580000,0x00000000d6380000)
  from space 1536K, 77% used [0x00000000d6480000,0x00000000d65a8000,0x00000000d6600000)
  to   space 1536K, 0% used [0x00000000d6600000,0x00000000d6600000,0x00000000d6780000)
 ParOldGen       total 68608K, used 53519K [0x0000000080000000, 0x0000000084300000, 0x00000000d5580000)
  object space 68608K, 78% used [0x0000000080000000,0x0000000083443df8,0x0000000084300000)
 Metaspace       used 66874K, committed 68352K, reserved 1114112K
  class space    used 8363K, committed 9024K, reserved 1048576K
}
Event: 261.738 GC heap before
{Heap before GC invocations=69 (full 3):
 PSYoungGen      total 15872K, used 15520K [0x00000000d5580000, 0x00000000d6780000, 0x0000000100000000)
  eden space 14336K, 100% used [0x00000000d5580000,0x00000000d6380000,0x00000000d6380000)
  from space 1536K, 77% used [0x00000000d6480000,0x00000000d65a8000,0x00000000d6600000)
  to   space 1536K, 0% used [0x00000000d6600000,0x00000000d6600000,0x00000000d6780000)
 ParOldGen       total 68608K, used 53519K [0x0000000080000000, 0x0000000084300000, 0x00000000d5580000)
  object space 68608K, 78% used [0x0000000080000000,0x0000000083443df8,0x0000000084300000)
 Metaspace       used 66883K, committed 68416K, reserved 1114112K
  class space    used 8363K, committed 9024K, reserved 1048576K
}
Event: 261.742 GC heap after
{Heap after GC invocations=69 (full 3):
 PSYoungGen      total 15360K, used 1508K [0x00000000d5580000, 0x00000000d6980000, 0x0000000100000000)
  eden space 13824K, 0% used [0x00000000d5580000,0x00000000d5580000,0x00000000d6300000)
  from space 1536K, 98% used [0x00000000d6600000,0x00000000d6779000,0x00000000d6780000)
  to   space 3072K, 0% used [0x00000000d6300000,0x00000000d6300000,0x00000000d6600000)
 ParOldGen       total 68608K, used 54591K [0x0000000080000000, 0x0000000084300000, 0x00000000d5580000)
  object space 68608K, 79% used [0x0000000080000000,0x000000008354fdf8,0x0000000084300000)
 Metaspace       used 66883K, committed 68416K, reserved 1114112K
  class space    used 8363K, committed 9024K, reserved 1048576K
}
Event: 261.810 GC heap before
{Heap before GC invocations=70 (full 3):
 PSYoungGen      total 15360K, used 15332K [0x00000000d5580000, 0x00000000d6980000, 0x0000000100000000)
  eden space 13824K, 100% used [0x00000000d5580000,0x00000000d6300000,0x00000000d6300000)
  from space 1536K, 98% used [0x00000000d6600000,0x00000000d6779000,0x00000000d6780000)
  to   space 3072K, 0% used [0x00000000d6300000,0x00000000d6300000,0x00000000d6600000)
 ParOldGen       total 68608K, used 54591K [0x0000000080000000, 0x0000000084300000, 0x00000000d5580000)
  object space 68608K, 79% used [0x0000000080000000,0x000000008354fdf8,0x0000000084300000)
 Metaspace       used 66901K, committed 68544K, reserved 1114112K
  class space    used 8366K, committed 9088K, reserved 1048576K
}
Event: 261.813 GC heap after
{Heap after GC invocations=70 (full 3):
 PSYoungGen      total 15360K, used 1280K [0x00000000d5580000, 0x00000000d6700000, 0x0000000100000000)
  eden space 13824K, 0% used [0x00000000d5580000,0x00000000d5580000,0x00000000d6300000)
  from space 1536K, 83% used [0x00000000d6300000,0x00000000d6440000,0x00000000d6480000)
  to   space 2048K, 0% used [0x00000000d6500000,0x00000000d6500000,0x00000000d6700000)
 ParOldGen       total 68608K, used 56039K [0x0000000080000000, 0x0000000084300000, 0x00000000d5580000)
  object space 68608K, 81% used [0x0000000080000000,0x00000000836b9ef8,0x0000000084300000)
 Metaspace       used 66901K, committed 68544K, reserved 1114112K
  class space    used 8366K, committed 9088K, reserved 1048576K
}
Event: 261.903 GC heap before
{Heap before GC invocations=71 (full 3):
 PSYoungGen      total 15360K, used 15104K [0x00000000d5580000, 0x00000000d6700000, 0x0000000100000000)
  eden space 13824K, 100% used [0x00000000d5580000,0x00000000d6300000,0x00000000d6300000)
  from space 1536K, 83% used [0x00000000d6300000,0x00000000d6440000,0x00000000d6480000)
  to   space 2048K, 0% used [0x00000000d6500000,0x00000000d6500000,0x00000000d6700000)
 ParOldGen       total 68608K, used 56039K [0x0000000080000000, 0x0000000084300000, 0x00000000d5580000)
  object space 68608K, 81% used [0x0000000080000000,0x00000000836b9ef8,0x0000000084300000)
 Metaspace       used 66931K, committed 68544K, reserved 1114112K
  class space    used 8366K, committed 9088K, reserved 1048576K
}
Event: 261.906 GC heap after
{Heap after GC invocations=71 (full 3):
 PSYoungGen      total 15872K, used 1504K [0x00000000d5580000, 0x00000000d6700000, 0x0000000100000000)
  eden space 13824K, 0% used [0x00000000d5580000,0x00000000d5580000,0x00000000d6300000)
  from space 2048K, 73% used [0x00000000d6500000,0x00000000d6678010,0x00000000d6700000)
  to   space 2048K, 0% used [0x00000000d6300000,0x00000000d6300000,0x00000000d6500000)
 ParOldGen       total 68608K, used 57223K [0x0000000080000000, 0x0000000084300000, 0x00000000d5580000)
  object space 68608K, 83% used [0x0000000080000000,0x00000000837e1ef8,0x0000000084300000)
 Metaspace       used 66931K, committed 68544K, reserved 1114112K
  class space    used 8366K, committed 9088K, reserved 1048576K
}
Event: 261.995 GC heap before
{Heap before GC invocations=72 (full 3):
 PSYoungGen      total 15872K, used 15327K [0x00000000d5580000, 0x00000000d6700000, 0x0000000100000000)
  eden space 13824K, 99% used [0x00000000d5580000,0x00000000d62fffe8,0x00000000d6300000)
  from space 2048K, 73% used [0x00000000d6500000,0x00000000d6678010,0x00000000d6700000)
  to   space 2048K, 0% used [0x00000000d6300000,0x00000000d6300000,0x00000000d6500000)
 ParOldGen       total 68608K, used 57223K [0x0000000080000000, 0x0000000084300000, 0x00000000d5580000)
  object space 68608K, 83% used [0x0000000080000000,0x00000000837e1ef8,0x0000000084300000)
 Metaspace       used 66999K, committed 68608K, reserved 1114112K
  class space    used 8367K, committed 9088K, reserved 1048576K
}
Event: 262.003 GC heap after
{Heap after GC invocations=72 (full 3):
 PSYoungGen      total 15360K, used 1304K [0x00000000d5580000, 0x00000000d6600000, 0x0000000100000000)
  eden space 13824K, 0% used [0x00000000d5580000,0x00000000d5580000,0x00000000d6300000)
  from space 1536K, 84% used [0x00000000d6300000,0x00000000d6446200,0x00000000d6480000)
  to   space 1536K, 0% used [0x00000000d6480000,0x00000000d6480000,0x00000000d6600000)
 ParOldGen       total 68608K, used 58559K [0x0000000080000000, 0x0000000084300000, 0x00000000d5580000)
  object space 68608K, 85% used [0x0000000080000000,0x000000008392ff08,0x0000000084300000)
 Metaspace       used 66999K, committed 68608K, reserved 1114112K
  class space    used 8367K, committed 9088K, reserved 1048576K
}
Event: 263.590 GC heap before
{Heap before GC invocations=73 (full 3):
 PSYoungGen      total 15360K, used 15128K [0x00000000d5580000, 0x00000000d6600000, 0x0000000100000000)
  eden space 13824K, 100% used [0x00000000d5580000,0x00000000d6300000,0x00000000d6300000)
  from space 1536K, 84% used [0x00000000d6300000,0x00000000d6446200,0x00000000d6480000)
  to   space 1536K, 0% used [0x00000000d6480000,0x00000000d6480000,0x00000000d6600000)
 ParOldGen       total 68608K, used 58559K [0x0000000080000000, 0x0000000084300000, 0x00000000d5580000)
  object space 68608K, 85% used [0x0000000080000000,0x000000008392ff08,0x0000000084300000)
 Metaspace       used 67418K, committed 68992K, reserved 1114112K
  class space    used 8417K, committed 9152K, reserved 1048576K
}
Event: 263.595 GC heap after
{Heap after GC invocations=73 (full 3):
 PSYoungGen      total 15360K, used 1024K [0x00000000d5580000, 0x00000000d6600000, 0x0000000100000000)
  eden space 13824K, 0% used [0x00000000d5580000,0x00000000d5580000,0x00000000d6300000)
  from space 1536K, 66% used [0x00000000d6480000,0x00000000d6580000,0x00000000d6600000)
  to   space 1536K, 0% used [0x00000000d6300000,0x00000000d6300000,0x00000000d6480000)
 ParOldGen       total 68608K, used 59768K [0x0000000080000000, 0x0000000084300000, 0x00000000d5580000)
  object space 68608K, 87% used [0x0000000080000000,0x0000000083a5e108,0x0000000084300000)
 Metaspace       used 67418K, committed 68992K, reserved 1114112K
  class space    used 8417K, committed 9152K, reserved 1048576K
}
Event: 265.167 GC heap before
{Heap before GC invocations=74 (full 3):
 PSYoungGen      total 15360K, used 14848K [0x00000000d5580000, 0x00000000d6600000, 0x0000000100000000)
  eden space 13824K, 100% used [0x00000000d5580000,0x00000000d6300000,0x00000000d6300000)
  from space 1536K, 66% used [0x00000000d6480000,0x00000000d6580000,0x00000000d6600000)
  to   space 1536K, 0% used [0x00000000d6300000,0x00000000d6300000,0x00000000d6480000)
 ParOldGen       total 68608K, used 59768K [0x0000000080000000, 0x0000000084300000, 0x00000000d5580000)
  object space 68608K, 87% used [0x0000000080000000,0x0000000083a5e108,0x0000000084300000)
 Metaspace       used 67915K, committed 69504K, reserved 1114112K
  class space    used 8489K, committed 9216K, reserved 1048576K
}
Event: 265.184 GC heap after
{Heap after GC invocations=74 (full 3):
 PSYoungGen      total 14336K, used 352K [0x00000000d5580000, 0x00000000d6500000, 0x0000000100000000)
  eden space 13824K, 0% used [0x00000000d5580000,0x00000000d5580000,0x00000000d6300000)
  from space 512K, 68% used [0x00000000d6300000,0x00000000d6358020,0x00000000d6380000)
  to   space 1024K, 0% used [0x00000000d6400000,0x00000000d6400000,0x00000000d6500000)
 ParOldGen       total 68608K, used 60643K [0x0000000080000000, 0x0000000084300000, 0x00000000d5580000)
  object space 68608K, 88% used [0x0000000080000000,0x0000000083b38ec0,0x0000000084300000)
 Metaspace       used 67915K, committed 69504K, reserved 1114112K
  class space    used 8489K, committed 9216K, reserved 1048576K
}
Event: 266.437 GC heap before
{Heap before GC invocations=75 (full 3):
 PSYoungGen      total 14336K, used 14176K [0x00000000d5580000, 0x00000000d6500000, 0x0000000100000000)
  eden space 13824K, 100% used [0x00000000d5580000,0x00000000d6300000,0x00000000d6300000)
  from space 512K, 68% used [0x00000000d6300000,0x00000000d6358020,0x00000000d6380000)
  to   space 1024K, 0% used [0x00000000d6400000,0x00000000d6400000,0x00000000d6500000)
 ParOldGen       total 68608K, used 60643K [0x0000000080000000, 0x0000000084300000, 0x00000000d5580000)
  object space 68608K, 88% used [0x0000000080000000,0x0000000083b38ec0,0x0000000084300000)
 Metaspace       used 69699K, committed 71296K, reserved 1114112K
  class space    used 8672K, committed 9408K, reserved 1048576K
}
Event: 266.439 GC heap after
{Heap after GC invocations=75 (full 3):
 PSYoungGen      total 14848K, used 768K [0x00000000d5580000, 0x00000000d6500000, 0x0000000100000000)
  eden space 13824K, 0% used [0x00000000d5580000,0x00000000d5580000,0x00000000d6300000)
  from space 1024K, 75% used [0x00000000d6400000,0x00000000d64c0020,0x00000000d6500000)
  to   space 1024K, 0% used [0x00000000d6300000,0x00000000d6300000,0x00000000d6400000)
 ParOldGen       total 68608K, used 60906K [0x0000000080000000, 0x0000000084300000, 0x00000000d5580000)
  object space 68608K, 88% used [0x0000000080000000,0x0000000083b7aa78,0x0000000084300000)
 Metaspace       used 69699K, committed 71296K, reserved 1114112K
  class space    used 8672K, committed 9408K, reserved 1048576K
}

